{
  "stats": {
    "suites": 1,
    "tests": 5,
    "passes": 5,
    "pending": 0,
    "failures": 0,
    "start": "2024-11-25T00:28:47.789Z",
    "end": "2024-11-25T00:28:58.519Z",
    "duration": 10730,
    "testsRegistered": 5,
    "passPercent": 100,
    "pendingPercent": 0,
    "other": 0,
    "hasOther": false,
    "skipped": 0,
    "hasSkipped": false
  },
  "results": [
    {
      "uuid": "83a794b5-f960-4419-bb29-bdf3e3e410d9",
      "title": "",
      "fullFile": "C:\\Users\\wasca\\OneDrive\\Escritorio\\Tienda\\test\\test_fashion_store.js",
      "file": "\\test\\test_fashion_store.js",
      "beforeHooks": [],
      "afterHooks": [],
      "tests": [],
      "suites": [
        {
          "uuid": "86e373c5-f046-417f-bae4-dff065ff22d4",
          "title": "Pruebas Fashion Store",
          "fullFile": "C:\\Users\\wasca\\OneDrive\\Escritorio\\Tienda\\test\\test_fashion_store.js",
          "file": "\\test\\test_fashion_store.js",
          "beforeHooks": [
            {
              "title": "\"before all\" hook in \"Pruebas Fashion Store\"",
              "fullTitle": "Pruebas Fashion Store \"before all\" hook in \"Pruebas Fashion Store\"",
              "timedOut": false,
              "duration": 1153,
              "state": null,
              "speed": null,
              "pass": false,
              "fail": false,
              "pending": false,
              "context": null,
              "code": "if (!fs.existsSync(screenshotDir)){\n    fs.mkdirSync(screenshotDir, { recursive: true });\n}\ndriver = await new Builder().forBrowser('chrome').build();\nawait driver.manage().window().maximize();",
              "err": {},
              "uuid": "a1737960-5b34-4e1f-b444-2fe0e220c59a",
              "parentUUID": "86e373c5-f046-417f-bae4-dff065ff22d4",
              "isHook": true,
              "skipped": false
            },
            {
              "title": "\"before each\" hook in \"Pruebas Fashion Store\"",
              "fullTitle": "Pruebas Fashion Store \"before each\" hook in \"Pruebas Fashion Store\"",
              "timedOut": false,
              "duration": 34,
              "state": null,
              "speed": null,
              "pass": false,
              "fail": false,
              "pending": false,
              "context": null,
              "code": "await driver.get('file://' + path.resolve(__dirname, '../src/index.html'));",
              "err": {},
              "uuid": "245fdedf-6757-47db-a9ac-bd1fd2913981",
              "parentUUID": "86e373c5-f046-417f-bae4-dff065ff22d4",
              "isHook": true,
              "skipped": false
            }
          ],
          "afterHooks": [
            {
              "title": "\"after all\" hook in \"Pruebas Fashion Store\"",
              "fullTitle": "Pruebas Fashion Store \"after all\" hook in \"Pruebas Fashion Store\"",
              "timedOut": false,
              "duration": 98,
              "state": null,
              "speed": null,
              "pass": false,
              "fail": false,
              "pending": false,
              "context": null,
              "code": "if (driver) {\n    await driver.quit();\n}",
              "err": {},
              "uuid": "0b519dbc-8b30-451f-8806-7e4b0d8621e1",
              "parentUUID": "86e373c5-f046-417f-bae4-dff065ff22d4",
              "isHook": true,
              "skipped": false
            }
          ],
          "tests": [
            {
              "title": "HU001 - Agregar al Carrito",
              "fullTitle": "Pruebas Fashion Store HU001 - Agregar al Carrito",
              "timedOut": false,
              "duration": 1372,
              "state": "passed",
              "speed": "slow",
              "pass": true,
              "fail": false,
              "pending": false,
              "context": null,
              "code": "const botonAgregar = await driver.findElement(By.className('btn-comprar'));\nconst contadorInicial = await driver.findElement(By.className('carrito-numero')).getText();\n\nawait botonAgregar.click();\nawait driver.sleep(1000);\n\nconst contadorNuevo = await driver.findElement(By.className('carrito-numero')).getText();\nassert.notEqual(contadorInicial, contadorNuevo);\nawait takeScreenshot(driver, 'agregar-al-carrito');",
              "err": {},
              "uuid": "4e34f11f-d2c5-4015-8cfb-b836d645b37b",
              "parentUUID": "86e373c5-f046-417f-bae4-dff065ff22d4",
              "isHook": false,
              "skipped": false
            },
            {
              "title": "HU002 - Visualizar Carrito",
              "fullTitle": "Pruebas Fashion Store HU002 - Visualizar Carrito",
              "timedOut": false,
              "duration": 1502,
              "state": "passed",
              "speed": "slow",
              "pass": true,
              "fail": false,
              "pending": false,
              "context": null,
              "code": "const botonAgregar = await driver.findElement(By.className('btn-comprar'));\nawait botonAgregar.click();\nawait driver.sleep(1000);\n\nconst carritoContainer = await driver.findElement(By.className('carrito-container'));\nawait carritoContainer.click();\n\nconst modalCarrito = await driver.wait(until.elementLocated(By.id('carrito-modal')), 5000);\nassert(await modalCarrito.isDisplayed());\nawait takeScreenshot(driver, 'visualizar-carrito');",
              "err": {},
              "uuid": "78e2646b-a49b-4124-9a92-e385de98ff29",
              "parentUUID": "86e373c5-f046-417f-bae4-dff065ff22d4",
              "isHook": false,
              "skipped": false
            },
            {
              "title": "HU003 - Gestión de Cantidad",
              "fullTitle": "Pruebas Fashion Store HU003 - Gestión de Cantidad",
              "timedOut": false,
              "duration": 1547,
              "state": "passed",
              "speed": "slow",
              "pass": true,
              "fail": false,
              "pending": false,
              "context": null,
              "code": "await driver.findElement(By.className('btn-comprar')).click();\nawait driver.sleep(1000);\nawait driver.findElement(By.className('carrito-container')).click();\n\nconst botonSumar = await driver.wait(until.elementLocated(By.className('btn-sumar')), 5000);\nawait botonSumar.click();\n\nconst cantidad = await driver.findElement(By.className('cantidad-numero')).getText();\nassert.equal(cantidad, '2');\nawait takeScreenshot(driver, 'gestion-cantidad');",
              "err": {},
              "uuid": "14e0a4c9-b80f-4ceb-b63c-dfddaa4cd088",
              "parentUUID": "86e373c5-f046-417f-bae4-dff065ff22d4",
              "isHook": false,
              "skipped": false
            },
            {
              "title": "HU004 - Eliminar Producto",
              "fullTitle": "Pruebas Fashion Store HU004 - Eliminar Producto",
              "timedOut": false,
              "duration": 1499,
              "state": "passed",
              "speed": "slow",
              "pass": true,
              "fail": false,
              "pending": false,
              "context": null,
              "code": "await driver.findElement(By.className('btn-comprar')).click();\nawait driver.sleep(1000);\nawait driver.findElement(By.className('carrito-container')).click();\n\nconst botonEliminar = await driver.wait(until.elementLocated(By.className('btn-eliminar')), 5000);\nawait botonEliminar.click();\n\nconst itemsCarrito = await driver.findElements(By.className('carrito-item'));\nassert.equal(itemsCarrito.length, 0);\nawait takeScreenshot(driver, 'eliminar-producto');",
              "err": {},
              "uuid": "5784600c-ddb9-4f5e-a216-71ffc0901534",
              "parentUUID": "86e373c5-f046-417f-bae4-dff065ff22d4",
              "isHook": false,
              "skipped": false
            },
            {
              "title": "HU005 - Proceso de Pago",
              "fullTitle": "Pruebas Fashion Store HU005 - Proceso de Pago",
              "timedOut": false,
              "duration": 1535,
              "state": "passed",
              "speed": "slow",
              "pass": true,
              "fail": false,
              "pending": false,
              "context": null,
              "code": "await driver.findElement(By.className('btn-comprar')).click();\nawait driver.sleep(1000);\nawait driver.findElement(By.className('carrito-container')).click();\n\nconst botonCheckout = await driver.wait(until.elementLocated(By.id('checkout-btn')), 5000);\nawait botonCheckout.click();\n\nawait driver.wait(until.alertIsPresent());\nconst alert = await driver.switchTo().alert();\nawait alert.accept();\n\nconst contadorCarrito = await driver.findElement(By.className('carrito-numero')).getText();\nassert.equal(contadorCarrito, '0');\nawait takeScreenshot(driver, 'proceso-pago');",
              "err": {},
              "uuid": "af9dbf37-877b-42c2-9812-154c5ff858c3",
              "parentUUID": "86e373c5-f046-417f-bae4-dff065ff22d4",
              "isHook": false,
              "skipped": false
            }
          ],
          "suites": [],
          "passes": [
            "4e34f11f-d2c5-4015-8cfb-b836d645b37b",
            "78e2646b-a49b-4124-9a92-e385de98ff29",
            "14e0a4c9-b80f-4ceb-b63c-dfddaa4cd088",
            "5784600c-ddb9-4f5e-a216-71ffc0901534",
            "af9dbf37-877b-42c2-9812-154c5ff858c3"
          ],
          "failures": [],
          "pending": [],
          "skipped": [],
          "duration": 7455,
          "root": false,
          "rootEmpty": false,
          "_timeout": 30000
        }
      ],
      "passes": [],
      "failures": [],
      "pending": [],
      "skipped": [],
      "duration": 0,
      "root": true,
      "rootEmpty": true,
      "_timeout": 30000
    }
  ],
  "meta": {
    "mocha": {
      "version": "10.8.2"
    },
    "mochawesome": {
      "options": {
        "quiet": false,
        "reportFilename": "mochawesome",
        "saveHtml": true,
        "saveJson": true,
        "consoleReporter": "spec",
        "useInlineDiffs": false,
        "code": true
      },
      "version": "7.1.3"
    },
    "marge": {
      "options": null,
      "version": "6.2.0"
    }
  }
}